C:\Program Files (x86)\Microsoft Visual Studio\2019\Community\MSBuild\Microsoft\VC\v160\Microsoft.CppBuild.targets(452,5): warning MSB8028: The intermediate directory (Debug\) contains files shared from another project (libprotobuf-lite.vcxproj, libprotobuf.vcxproj, lite-test.vcxproj, protoc.vcxproj, tests.vcxproj, test_plugin.vcxproj).  This can lead to incorrect clean and rebuild behavior.
  zip_writer.cc
  subprocess.cc
  python_generator.cc
  plugin.pb.cc
  plugin.cc
  java_string_field.cc
  java_service.cc
  java_primitive_field.cc
  java_message_field.cc
  java_message.cc
  java_helpers.cc
  java_generator.cc
  java_file.cc
  java_field.cc
  java_extension.cc
  java_enum_field.cc
  java_enum.cc
  java_doc_comment.cc
  cpp_string_field.cc
  cpp_service.cc
  正在生成代码...
  正在编译...
  cpp_primitive_field.cc
  cpp_message_field.cc
  cpp_message.cc
  cpp_helpers.cc
  cpp_generator.cc
  cpp_file.cc
  cpp_field.cc
  cpp_extension.cc
  cpp_enum_field.cc
  cpp_enum.cc
  command_line_interface.cc
  code_generator.cc
  正在生成代码...
cl : 命令行 warning D9035: “Gm”选项已否决，并将在将来的版本中移除
  libprotoc.vcxproj -> D:\ServerDemo123\protobuf-2.5.0\vsprojects\Debug\libprotoc.lib
